ď»żgit : remote: error: GH013: 
Repository rule violations 
found for refs/heads/main.    
    
At line:1 char:1
+ git push -u origin main > 
git_push.log 2>&1
+ ~~~~~~~~~~~~~~~~~~~~~~~~~~~~
~~~~~~~~~~~~~~~
    + CategoryInfo          : 
    NotSpecified: (remote: e  
  rror: ...s/main.        :   
 String) [], RemoteExcepti    
on
    + FullyQualifiedErrorId : 
    NativeCommandError
 
remote: 
remote: - GITHUB PUSH 
PROTECTION        
remote:   Î“Ă‡Ă¶Î“Ă‡Ă¶Î“Ă‡Ă¶Î“Ă‡Ă¶Î“Ă‡Ă¶Î“Ă‡Ă¶Î“Ă‡
Ă¶Î“Ă‡Ă¶Î“Ă‡Ă¶Î“Ă‡Ă¶Î“Ă‡Ă¶Î“Ă‡Ă¶Î“Ă‡Ă¶Î“Ă‡Ă¶Î“Ă‡Ă¶Î“Ă‡Ă¶Î“Ă‡
Ă¶Î“Ă‡Ă¶Î“Ă‡Ă¶Î“Ă‡Ă¶Î“Ă‡Ă¶Î“Ă‡Ă¶Î“Ă‡Ă¶Î“Ă‡Ă¶Î“Ă‡Ă¶Î“Ă‡Ă¶Î“Ă‡
Ă¶Î“Ă‡Ă¶Î“Ă‡Ă¶Î“Ă‡Ă¶Î“Ă‡Ă¶Î“Ă‡Ă¶Î“Ă‡Ă¶Î“Ă‡Ă¶Î“Ă‡Ă¶Î“Ă‡Ă¶Î“Ă‡
Ă¶Î“Ă‡Ă¶Î“Ă‡Ă¶Î“Ă‡Ă¶Î“Ă‡Ă¶        
remote:     Resolve the 
following violations before 
pushing again        
remote: 
remote:     - Push cannot 
contain secrets        
remote: 
remote:             
remote:      (?) Learn how to 
resolve a blocked push        
remote:      https://docs.gith
ub.com/code-security/secret-sc
anning/working-with-secret-sca
nning-and-push-protection/work
ing-with-push-protection-from-
the-command-line#resolving-a-b
locked-push        
remote:             
remote:             
remote:       Î“Ă‡Ă¶Î“Ă‡Ă¶ Google 
Cloud Service Account 
Credentials Î“Ă‡Ă¶Î“Ă‡Ă¶Î“Ă‡Ă¶Î“Ă‡Ă¶Î“Ă‡Ă¶Î“Ă‡Ă¶
Î“Ă‡Ă¶Î“Ă‡Ă¶Î“Ă‡Ă¶Î“Ă‡Ă¶        
remote:        locations:     
   
remote:          - commit: 516
37e040739d3ed03fa2feb2bffc4795
275a248        
remote:            path: 
serviceAccountKey.json:1      
  
remote:             
remote:        (?) To push, 
remove secret from commit(s) 
or follow this URL to allow 
the secret.        
remote:        https://github.
com/shoyo44/Media_mind_AI/secu
rity/secret-scanning/unblock-s
ecret/3AcJMj3ZnYUYMaKShxrLB0WC
Dw6        
remote:             
remote: 
remote: 
To https://github.com/shoyo44/
Media_mind_AI.git
 ! [remote rejected] main -> 
main (push declined due to 
repository rule violations)
error: failed to push some 
refs to 'https://github.com/sh
oyo44/Media_mind_AI.git'
